<?xml version="1.0" encoding="UTF-8"?>
<testsuite name="com.tedneward.example.TestPerson" tests="8" skipped="0" failures="0" errors="0" timestamp="2015-04-07T18:37:30" hostname="D-108-179-150-217.dhcp4.washington.edu" time="0.026">
  <properties/>
  <testcase name="setAgeToBeNegative" classname="com.tedneward.example.TestPerson" time="0.003"/>
  <testcase name="setNameToNull" classname="com.tedneward.example.TestPerson" time="0.003"/>
  <testcase name="viewReadabletoString" classname="com.tedneward.example.TestPerson" time="0.001"/>
  <testcase name="exercisePesonEquals" classname="com.tedneward.example.TestPerson" time="0.0"/>
  <testcase name="useAgeComparator" classname="com.tedneward.example.TestPerson" time="0.001"/>
  <testcase name="useNaturalComparison" classname="com.tedneward.example.TestPerson" time="0.006"/>
  <testcase name="catchPropertyChange" classname="com.tedneward.example.TestPerson" time="0.006"/>
  <testcase name="exerciseTheBasics" classname="com.tedneward.example.TestPerson" time="0.0"/>
  <system-out><![CDATA[]]></system-out>
  <system-err><![CDATA[]]></system-err>
</testsuite>
